<?xml version="1.0" encoding="UTF-8"?>
<!-- Generated by org.testng.reporters.JUnitReportReporter -->
<testsuite hostname="DESKTOP-4SAK385" failures="0" tests="1" name="product_Module.ToCreateAProductTest" time="20.227" errors="0" timestamp="2023-10-20T09:22:40 IST" skipped="0">
  <testcase classname="product_Module.ToCreateAProductTest" name="toCreateAProductWithVendorInformationTest" time="20.227"/>
</testsuite> <!-- product_Module.ToCreateAProductTest -->
